0 info it worked if it ends with ok
1 verbose cli [ '/usr/bin/node', '/usr/bin/npm', 'publish' ]
2 info using npm@1.2.14
3 info using node@v0.10.0
4 verbose publish [ '.' ]
5 verbose read json /home/ashnur/work/biginteger/package.json
6 error Failed to parse json
6 error Unexpected string
7 error File: /home/ashnur/work/biginteger/package.json
8 error Failed to parse package.json data.
8 error package.json must be actual JSON, not just JavaScript.
8 error
8 error This is not a bug in npm.
8 error Tell the package author to fix their package.json file. JSON.parse
9 error System Linux 3.7.10-1-ARCH
10 error command "/usr/bin/node" "/usr/bin/npm" "publish"
11 error cwd /home/ashnur/work/biginteger
12 error node -v v0.10.0
13 error npm -v 1.2.14
14 error file /home/ashnur/work/biginteger/package.json
15 error code EJSONPARSE
16 verbose exit [ 1, true ]
